

Started GET "/" for 127.0.0.1 at 2015-06-01 16:37:28 -0400
Processing by WelcomeController#index as HTML
  Rendered welcome/index.html.erb within layouts/application (1.0ms)
Completed 200 OK in 1051ms (Views: 1039.4ms | ActiveRecord: 0.0ms)


Started GET "/" for 127.0.0.1 at 2015-06-01 16:40:37 -0400
Processing by WelcomeController#index as HTML
  Rendered welcome/index.html.erb within layouts/application (1.0ms)
Completed 200 OK in 324ms (Views: 311.5ms | ActiveRecord: 0.0ms)


Started GET "/recipes/new" for 127.0.0.1 at 2015-06-01 16:40:43 -0400
Processing by RecipesController#new as HTML
  Rendered recipes/new.html.erb within layouts/application (0.5ms)
Completed 200 OK in 48ms (Views: 45.7ms | ActiveRecord: 0.0ms)


Started GET "/recipes/new" for 127.0.0.1 at 2015-06-01 16:44:09 -0400
Processing by RecipesController#new as HTML
  Rendered recipes/new.html.erb within layouts/application (32.1ms)
Completed 200 OK in 219ms (Views: 207.7ms | ActiveRecord: 0.0ms)


Started GET "/recipes/new" for 127.0.0.1 at 2015-06-01 16:44:33 -0400
Processing by RecipesController#new as HTML
  Rendered recipes/new.html.erb within layouts/application (1.8ms)
Completed 200 OK in 39ms (Views: 38.5ms | ActiveRecord: 0.0ms)


Started GET "/recipes/new" for 127.0.0.1 at 2015-06-01 16:45:17 -0400
Processing by RecipesController#new as HTML
  Rendered recipes/new.html.erb within layouts/application (1.6ms)
Completed 200 OK in 84ms (Views: 83.0ms | ActiveRecord: 0.0ms)
  [1m[36m (140.7ms)[0m  [1mCREATE TABLE "schema_migrations" ("version" character varying NOT NULL) [0m
  [1m[35m (586.0ms)[0m  CREATE UNIQUE INDEX  "unique_schema_migrations" ON "schema_migrations"  ("version")
  [1m[36mActiveRecord::SchemaMigration Load (0.8ms)[0m  [1mSELECT "schema_migrations".* FROM "schema_migrations"[0m
Migrating to CreateRecipes (20150601204708)
  [1m[35m (0.2ms)[0m  BEGIN
  [1m[36m (109.5ms)[0m  [1mCREATE TABLE "recipes" ("id" serial primary key, "title" character varying, "body" text, "created_at" timestamp NOT NULL, "updated_at" timestamp NOT NULL) [0m
  [1m[35mSQL (0.5ms)[0m  INSERT INTO "schema_migrations" ("version") VALUES ($1)  [["version", "20150601204708"]]
  [1m[36m (7.1ms)[0m  [1mCOMMIT[0m
  [1m[35mActiveRecord::SchemaMigration Load (0.2ms)[0m  SELECT "schema_migrations".* FROM "schema_migrations"
  [1m[36m (4.4ms)[0m  [1mSELECT t2.oid::regclass::text AS to_table, a1.attname AS column, a2.attname AS primary_key, c.conname AS name, c.confupdtype AS on_update, c.confdeltype AS on_delete
FROM pg_constraint c
JOIN pg_class t1 ON c.conrelid = t1.oid
JOIN pg_class t2 ON c.confrelid = t2.oid
JOIN pg_attribute a1 ON a1.attnum = c.conkey[1] AND a1.attrelid = t1.oid
JOIN pg_attribute a2 ON a2.attnum = c.confkey[1] AND a2.attrelid = t2.oid
JOIN pg_namespace t3 ON c.connamespace = t3.oid
WHERE c.contype = 'f'
  AND t1.relname = 'recipes'
  AND t3.nspname = ANY (current_schemas(false))
ORDER BY c.conname
[0m


Started POST "/recipes" for 127.0.0.1 at 2015-06-01 16:53:49 -0400
  [1m[36mActiveRecord::SchemaMigration Load (0.4ms)[0m  [1mSELECT "schema_migrations".* FROM "schema_migrations"[0m
Processing by RecipesController#create as HTML
  Parameters: {"utf8"=>"✓", "authenticity_token"=>"Bm8at7v6rE51lNbalxy57E6aGz8ENBVLmleqnJWXftB3hEeKRCIdVduxC2334cRQ0AzKk+9kHOJBAk16Jh4fjg==", "recipe"=>{"title"=>"Adding a new recipe", "body"=>"let's do this!"}, "commit"=>"Save Recipe"}
  [1m[35m (0.2ms)[0m  BEGIN
  [1m[36mSQL (0.5ms)[0m  [1mINSERT INTO "recipes" ("title", "body", "created_at", "updated_at") VALUES ($1, $2, $3, $4) RETURNING "id"[0m  [["title", "Adding a new recipe"], ["body", "let's do this!"], ["created_at", "2015-06-01 20:53:49.533374"], ["updated_at", "2015-06-01 20:53:49.533374"]]
  [1m[35m (38.3ms)[0m  COMMIT
Redirected to http://localhost:3000/recipes/1
Completed 302 Found in 71ms (ActiveRecord: 43.7ms)


Started GET "/recipes/1" for 127.0.0.1 at 2015-06-01 16:53:49 -0400
Processing by RecipesController#show as HTML
  Parameters: {"id"=>"1"}
  [1m[36mRecipe Load (0.3ms)[0m  [1mSELECT  "recipes".* FROM "recipes" WHERE "recipes"."id" = $1 LIMIT 1[0m  [["id", 1]]
  Rendered recipes/show.html.erb within layouts/application (18.5ms)
Completed 500 Internal Server Error in 46ms (ActiveRecord: 0.3ms)

ActionView::Template::Error (undefined local variable or method `recipe' for #<#<Class:0x000000057abac0>:0x000000057aa940>):
    1: <p>
    2:   <strong>Title:</strong>
    3:   <%=recipe.title %>
    4: </p>
    5: 
    6: <p>
  app/views/recipes/show.html.erb:3:in `_app_views_recipes_show_html_erb__2503727019261688950_69855703248720'


  Rendered /home/keith/.rvm/gems/ruby-2.2.1/gems/actionpack-4.2.1/lib/action_dispatch/middleware/templates/rescues/_source.erb (8.1ms)
  Rendered /home/keith/.rvm/gems/ruby-2.2.1/gems/actionpack-4.2.1/lib/action_dispatch/middleware/templates/rescues/_trace.html.erb (3.2ms)
  Rendered /home/keith/.rvm/gems/ruby-2.2.1/gems/actionpack-4.2.1/lib/action_dispatch/middleware/templates/rescues/_request_and_response.html.erb (1.1ms)
  Rendered /home/keith/.rvm/gems/ruby-2.2.1/gems/actionpack-4.2.1/lib/action_dispatch/middleware/templates/rescues/template_error.html.erb within rescues/layout (26.7ms)
  Rendered /home/keith/.rvm/gems/ruby-2.2.1/gems/web-console-2.1.2/lib/web_console/templates/_markup.html.erb (0.3ms)
  Rendered /home/keith/.rvm/gems/ruby-2.2.1/gems/web-console-2.1.2/lib/web_console/templates/style.css.erb within layouts/inlined_string (0.4ms)
  Rendered /home/keith/.rvm/gems/ruby-2.2.1/gems/web-console-2.1.2/lib/web_console/templates/_inner_console_markup.html.erb within layouts/inlined_string (0.3ms)
  Rendered /home/keith/.rvm/gems/ruby-2.2.1/gems/web-console-2.1.2/lib/web_console/templates/_prompt_box_markup.html.erb within layouts/inlined_string (0.2ms)
  Rendered /home/keith/.rvm/gems/ruby-2.2.1/gems/web-console-2.1.2/lib/web_console/templates/console.js.erb within layouts/javascript (16.4ms)
  Rendered /home/keith/.rvm/gems/ruby-2.2.1/gems/web-console-2.1.2/lib/web_console/templates/main.js.erb within layouts/javascript (0.4ms)
  Rendered /home/keith/.rvm/gems/ruby-2.2.1/gems/web-console-2.1.2/lib/web_console/templates/error_page.js.erb within layouts/javascript (0.4ms)
  Rendered /home/keith/.rvm/gems/ruby-2.2.1/gems/web-console-2.1.2/lib/web_console/templates/index.html.erb (35.4ms)


Started GET "/recipes/1" for 127.0.0.1 at 2015-06-01 16:56:09 -0400
Processing by RecipesController#show as HTML
  Parameters: {"id"=>"1"}
  [1m[35mRecipe Load (0.3ms)[0m  SELECT  "recipes".* FROM "recipes" WHERE "recipes"."id" = $1 LIMIT 1  [["id", 1]]
  Rendered recipes/show.html.erb within layouts/application (1.8ms)
Completed 200 OK in 176ms (Views: 174.5ms | ActiveRecord: 0.3ms)


Started GET "/recipes/1" for 127.0.0.1 at 2015-06-01 16:59:31 -0400
Processing by RecipesController#show as HTML
  Parameters: {"id"=>"1"}
  [1m[36mRecipe Load (0.2ms)[0m  [1mSELECT  "recipes".* FROM "recipes" WHERE "recipes"."id" = $1 LIMIT 1[0m  [["id", 1]]
  Rendered recipes/show.html.erb within layouts/application (0.1ms)
Completed 200 OK in 40ms (Views: 31.1ms | ActiveRecord: 2.0ms)


Started GET "/recipes" for 127.0.0.1 at 2015-06-01 16:59:42 -0400
Processing by RecipesController#index as HTML
Completed 500 Internal Server Error in 2ms (ActiveRecord: 0.0ms)

NameError (uninitialized constant RecipesController::Recipes):
  app/controllers/recipes_controller.rb:4:in `index'


  Rendered /home/keith/.rvm/gems/ruby-2.2.1/gems/actionpack-4.2.1/lib/action_dispatch/middleware/templates/rescues/_source.erb (6.8ms)
  Rendered /home/keith/.rvm/gems/ruby-2.2.1/gems/actionpack-4.2.1/lib/action_dispatch/middleware/templates/rescues/_trace.html.erb (3.1ms)
  Rendered /home/keith/.rvm/gems/ruby-2.2.1/gems/actionpack-4.2.1/lib/action_dispatch/middleware/templates/rescues/_request_and_response.html.erb (1.2ms)
  Rendered /home/keith/.rvm/gems/ruby-2.2.1/gems/actionpack-4.2.1/lib/action_dispatch/middleware/templates/rescues/diagnostics.html.erb within rescues/layout (25.3ms)
  Rendered /home/keith/.rvm/gems/ruby-2.2.1/gems/web-console-2.1.2/lib/web_console/templates/_markup.html.erb (0.3ms)
  Rendered /home/keith/.rvm/gems/ruby-2.2.1/gems/web-console-2.1.2/lib/web_console/templates/style.css.erb within layouts/inlined_string (0.4ms)
  Rendered /home/keith/.rvm/gems/ruby-2.2.1/gems/web-console-2.1.2/lib/web_console/templates/_inner_console_markup.html.erb within layouts/inlined_string (0.4ms)
  Rendered /home/keith/.rvm/gems/ruby-2.2.1/gems/web-console-2.1.2/lib/web_console/templates/_prompt_box_markup.html.erb within layouts/inlined_string (0.3ms)
  Rendered /home/keith/.rvm/gems/ruby-2.2.1/gems/web-console-2.1.2/lib/web_console/templates/console.js.erb within layouts/javascript (17.2ms)
  Rendered /home/keith/.rvm/gems/ruby-2.2.1/gems/web-console-2.1.2/lib/web_console/templates/main.js.erb within layouts/javascript (0.4ms)
  Rendered /home/keith/.rvm/gems/ruby-2.2.1/gems/web-console-2.1.2/lib/web_console/templates/error_page.js.erb within layouts/javascript (0.5ms)
  Rendered /home/keith/.rvm/gems/ruby-2.2.1/gems/web-console-2.1.2/lib/web_console/templates/index.html.erb (35.6ms)


Started GET "/recipes" for 127.0.0.1 at 2015-06-01 17:00:16 -0400
Processing by RecipesController#index as HTML
Completed 500 Internal Server Error in 4ms (ActiveRecord: 0.0ms)

NameError (uninitialized constant RecipesController::Recipes):
  app/controllers/recipes_controller.rb:4:in `index'


  Rendered /home/keith/.rvm/gems/ruby-2.2.1/gems/actionpack-4.2.1/lib/action_dispatch/middleware/templates/rescues/_source.erb (11.0ms)
  Rendered /home/keith/.rvm/gems/ruby-2.2.1/gems/actionpack-4.2.1/lib/action_dispatch/middleware/templates/rescues/_trace.html.erb (5.5ms)
  Rendered /home/keith/.rvm/gems/ruby-2.2.1/gems/actionpack-4.2.1/lib/action_dispatch/middleware/templates/rescues/_request_and_response.html.erb (1.5ms)
  Rendered /home/keith/.rvm/gems/ruby-2.2.1/gems/actionpack-4.2.1/lib/action_dispatch/middleware/templates/rescues/diagnostics.html.erb within rescues/layout (34.1ms)
  Rendered /home/keith/.rvm/gems/ruby-2.2.1/gems/web-console-2.1.2/lib/web_console/templates/_markup.html.erb (0.5ms)
  Rendered /home/keith/.rvm/gems/ruby-2.2.1/gems/web-console-2.1.2/lib/web_console/templates/style.css.erb within layouts/inlined_string (0.4ms)
  Rendered /home/keith/.rvm/gems/ruby-2.2.1/gems/web-console-2.1.2/lib/web_console/templates/_inner_console_markup.html.erb within layouts/inlined_string (0.3ms)
  Rendered /home/keith/.rvm/gems/ruby-2.2.1/gems/web-console-2.1.2/lib/web_console/templates/_prompt_box_markup.html.erb within layouts/inlined_string (0.3ms)
  Rendered /home/keith/.rvm/gems/ruby-2.2.1/gems/web-console-2.1.2/lib/web_console/templates/console.js.erb within layouts/javascript (16.7ms)
  Rendered /home/keith/.rvm/gems/ruby-2.2.1/gems/web-console-2.1.2/lib/web_console/templates/main.js.erb within layouts/javascript (0.3ms)
  Rendered /home/keith/.rvm/gems/ruby-2.2.1/gems/web-console-2.1.2/lib/web_console/templates/error_page.js.erb within layouts/javascript (0.6ms)
  Rendered /home/keith/.rvm/gems/ruby-2.2.1/gems/web-console-2.1.2/lib/web_console/templates/index.html.erb (48.2ms)


Started GET "/recipes" for 127.0.0.1 at 2015-06-01 17:00:35 -0400
Processing by RecipesController#index as HTML
  [1m[35mRecipe Load (0.3ms)[0m  SELECT "recipes".* FROM "recipes"
  Rendered recipes/index.html.erb within layouts/application (7.6ms)
Completed 200 OK in 41ms (Views: 37.3ms | ActiveRecord: 2.0ms)


Started GET "/recipes" for 127.0.0.1 at 2015-06-01 18:03:33 -0400

SyntaxError (/home/keith/ga/project/keiths_cookbook/app/controllers/recipes_controller.rb:30: syntax error, unexpected keyword_end, expecting end-of-input):
  app/controllers/recipes_controller.rb:30: syntax error, unexpected keyword_end, expecting end-of-input


  Rendered /home/keith/.rvm/gems/ruby-2.2.1/gems/actionpack-4.2.1/lib/action_dispatch/middleware/templates/rescues/_source.erb (5.1ms)
  Rendered /home/keith/.rvm/gems/ruby-2.2.1/gems/actionpack-4.2.1/lib/action_dispatch/middleware/templates/rescues/_trace.html.erb (2.3ms)
  Rendered /home/keith/.rvm/gems/ruby-2.2.1/gems/actionpack-4.2.1/lib/action_dispatch/middleware/templates/rescues/_request_and_response.html.erb (1.4ms)
  Rendered /home/keith/.rvm/gems/ruby-2.2.1/gems/actionpack-4.2.1/lib/action_dispatch/middleware/templates/rescues/diagnostics.html.erb within rescues/layout (22.6ms)
  Rendered /home/keith/.rvm/gems/ruby-2.2.1/gems/web-console-2.1.2/lib/web_console/templates/_markup.html.erb (0.4ms)
  Rendered /home/keith/.rvm/gems/ruby-2.2.1/gems/web-console-2.1.2/lib/web_console/templates/style.css.erb within layouts/inlined_string (0.4ms)
  Rendered /home/keith/.rvm/gems/ruby-2.2.1/gems/web-console-2.1.2/lib/web_console/templates/_inner_console_markup.html.erb within layouts/inlined_string (0.3ms)
  Rendered /home/keith/.rvm/gems/ruby-2.2.1/gems/web-console-2.1.2/lib/web_console/templates/_prompt_box_markup.html.erb within layouts/inlined_string (0.2ms)
  Rendered /home/keith/.rvm/gems/ruby-2.2.1/gems/web-console-2.1.2/lib/web_console/templates/console.js.erb within layouts/javascript (16.9ms)
  Rendered /home/keith/.rvm/gems/ruby-2.2.1/gems/web-console-2.1.2/lib/web_console/templates/main.js.erb within layouts/javascript (0.3ms)
  Rendered /home/keith/.rvm/gems/ruby-2.2.1/gems/web-console-2.1.2/lib/web_console/templates/error_page.js.erb within layouts/javascript (0.4ms)
  Rendered /home/keith/.rvm/gems/ruby-2.2.1/gems/web-console-2.1.2/lib/web_console/templates/index.html.erb (33.4ms)


Started GET "/recipes" for 127.0.0.1 at 2015-06-01 18:03:50 -0400
Processing by RecipesController#index as HTML
  [1m[36mRecipe Load (0.3ms)[0m  [1mSELECT "recipes".* FROM "recipes"[0m
  Rendered recipes/index.html.erb within layouts/application (9.5ms)
Completed 200 OK in 53ms (Views: 47.1ms | ActiveRecord: 3.5ms)


Started GET "/recipes/new" for 127.0.0.1 at 2015-06-01 18:03:53 -0400
Processing by RecipesController#new as HTML
  Rendered recipes/new.html.erb within layouts/application (16.8ms)
Completed 200 OK in 54ms (Views: 52.1ms | ActiveRecord: 0.0ms)


Started POST "/recipes" for 127.0.0.1 at 2015-06-01 18:04:04 -0400
Processing by RecipesController#create as HTML
  Parameters: {"utf8"=>"✓", "authenticity_token"=>"EK/UUgJesqM/B1mTo3v5CI0BSMpGaXR1cSpflCgZMGRhRIlv/YYDuJEihCTDhoS0E5eZZq05fdyqf7hym5BROg==", "recipe"=>{"title"=>"new recipe on the scene!", "body"=>"look out!"}, "commit"=>"Save Recipe"}
  [1m[35m (1.8ms)[0m  BEGIN
  [1m[36mSQL (1.4ms)[0m  [1mINSERT INTO "recipes" ("title", "body", "created_at", "updated_at") VALUES ($1, $2, $3, $4) RETURNING "id"[0m  [["title", "new recipe on the scene!"], ["body", "look out!"], ["created_at", "2015-06-01 22:04:04.718588"], ["updated_at", "2015-06-01 22:04:04.718588"]]
  [1m[35m (27.4ms)[0m  COMMIT
Redirected to http://localhost:3000/recipes/2
  [1m[36m (0.1ms)[0m  [1mBEGIN[0m
  [1m[35m (0.1ms)[0m  COMMIT
Redirected to 
Completed 500 Internal Server Error in 39ms (ActiveRecord: 30.8ms)

AbstractController::DoubleRenderError (Render and/or redirect were called multiple times in this action. Please note that you may only call render OR redirect, and at most once per action. Also note that neither redirect nor render terminate execution of the action, so if you want to exit an action after redirecting, you need to do something like "redirect_to(...) and return".):
  app/controllers/recipes_controller.rb:26:in `create'


  Rendered /home/keith/.rvm/gems/ruby-2.2.1/gems/actionpack-4.2.1/lib/action_dispatch/middleware/templates/rescues/_source.erb (6.3ms)
  Rendered /home/keith/.rvm/gems/ruby-2.2.1/gems/actionpack-4.2.1/lib/action_dispatch/middleware/templates/rescues/_trace.html.erb (2.7ms)
  Rendered /home/keith/.rvm/gems/ruby-2.2.1/gems/actionpack-4.2.1/lib/action_dispatch/middleware/templates/rescues/_request_and_response.html.erb (1.2ms)
  Rendered /home/keith/.rvm/gems/ruby-2.2.1/gems/actionpack-4.2.1/lib/action_dispatch/middleware/templates/rescues/diagnostics.html.erb within rescues/layout (25.3ms)
  Rendered /home/keith/.rvm/gems/ruby-2.2.1/gems/web-console-2.1.2/lib/web_console/templates/_markup.html.erb (0.3ms)
  Rendered /home/keith/.rvm/gems/ruby-2.2.1/gems/web-console-2.1.2/lib/web_console/templates/style.css.erb within layouts/inlined_string (0.3ms)
  Rendered /home/keith/.rvm/gems/ruby-2.2.1/gems/web-console-2.1.2/lib/web_console/templates/_inner_console_markup.html.erb within layouts/inlined_string (0.2ms)
  Rendered /home/keith/.rvm/gems/ruby-2.2.1/gems/web-console-2.1.2/lib/web_console/templates/_prompt_box_markup.html.erb within layouts/inlined_string (0.2ms)
  Rendered /home/keith/.rvm/gems/ruby-2.2.1/gems/web-console-2.1.2/lib/web_console/templates/console.js.erb within layouts/javascript (16.5ms)
  Rendered /home/keith/.rvm/gems/ruby-2.2.1/gems/web-console-2.1.2/lib/web_console/templates/main.js.erb within layouts/javascript (0.3ms)
  Rendered /home/keith/.rvm/gems/ruby-2.2.1/gems/web-console-2.1.2/lib/web_console/templates/error_page.js.erb within layouts/javascript (0.4ms)
  Rendered /home/keith/.rvm/gems/ruby-2.2.1/gems/web-console-2.1.2/lib/web_console/templates/index.html.erb (33.4ms)


Started GET "/recipes" for 127.0.0.1 at 2015-06-01 18:05:24 -0400

SyntaxError (/home/keith/ga/project/keiths_cookbook/app/controllers/recipes_controller.rb:32: syntax error, unexpected end-of-input, expecting keyword_end):
  app/controllers/recipes_controller.rb:32: syntax error, unexpected end-of-input, expecting keyword_end


  Rendered /home/keith/.rvm/gems/ruby-2.2.1/gems/actionpack-4.2.1/lib/action_dispatch/middleware/templates/rescues/_source.erb (4.9ms)
  Rendered /home/keith/.rvm/gems/ruby-2.2.1/gems/actionpack-4.2.1/lib/action_dispatch/middleware/templates/rescues/_trace.html.erb (3.5ms)
  Rendered /home/keith/.rvm/gems/ruby-2.2.1/gems/actionpack-4.2.1/lib/action_dispatch/middleware/templates/rescues/_request_and_response.html.erb (1.5ms)
  Rendered /home/keith/.rvm/gems/ruby-2.2.1/gems/actionpack-4.2.1/lib/action_dispatch/middleware/templates/rescues/diagnostics.html.erb within rescues/layout (24.6ms)
  Rendered /home/keith/.rvm/gems/ruby-2.2.1/gems/web-console-2.1.2/lib/web_console/templates/_markup.html.erb (0.3ms)
  Rendered /home/keith/.rvm/gems/ruby-2.2.1/gems/web-console-2.1.2/lib/web_console/templates/style.css.erb within layouts/inlined_string (0.4ms)
  Rendered /home/keith/.rvm/gems/ruby-2.2.1/gems/web-console-2.1.2/lib/web_console/templates/_inner_console_markup.html.erb within layouts/inlined_string (0.3ms)
  Rendered /home/keith/.rvm/gems/ruby-2.2.1/gems/web-console-2.1.2/lib/web_console/templates/_prompt_box_markup.html.erb within layouts/inlined_string (0.2ms)
  Rendered /home/keith/.rvm/gems/ruby-2.2.1/gems/web-console-2.1.2/lib/web_console/templates/console.js.erb within layouts/javascript (16.6ms)
  Rendered /home/keith/.rvm/gems/ruby-2.2.1/gems/web-console-2.1.2/lib/web_console/templates/main.js.erb within layouts/javascript (0.3ms)
  Rendered /home/keith/.rvm/gems/ruby-2.2.1/gems/web-console-2.1.2/lib/web_console/templates/error_page.js.erb within layouts/javascript (0.3ms)
  Rendered /home/keith/.rvm/gems/ruby-2.2.1/gems/web-console-2.1.2/lib/web_console/templates/index.html.erb (32.8ms)


Started GET "/recipes" for 127.0.0.1 at 2015-06-01 18:05:44 -0400
Processing by RecipesController#index as HTML
  [1m[36mRecipe Load (0.3ms)[0m  [1mSELECT "recipes".* FROM "recipes"[0m
  Rendered recipes/index.html.erb within layouts/application (9.1ms)
Completed 200 OK in 40ms (Views: 35.7ms | ActiveRecord: 1.9ms)


Started GET "/recipes/new" for 127.0.0.1 at 2015-06-01 18:06:02 -0400
Processing by RecipesController#new as HTML
  Rendered recipes/new.html.erb within layouts/application (1.8ms)
Completed 200 OK in 31ms (Views: 30.4ms | ActiveRecord: 0.0ms)


Started POST "/recipes" for 127.0.0.1 at 2015-06-01 18:06:08 -0400
Processing by RecipesController#create as HTML
  Parameters: {"utf8"=>"✓", "authenticity_token"=>"fSe41WkDLdo69S2NVYnNG0mV/k9V3z3EdutGZkCEUpQMzOXoltucwZTQ8Do1dLCn1wMv476PNG2tvqGA8w0zyg==", "recipe"=>{"title"=>"bla", "body"=>"recipe!"}, "commit"=>"Save Recipe"}
  [1m[35m (0.1ms)[0m  BEGIN
  [1m[36m (0.1ms)[0m  [1mROLLBACK[0m
  Rendered recipes/new.html.erb within layouts/application (2.2ms)
Completed 200 OK in 35ms (Views: 31.9ms | ActiveRecord: 0.2ms)


Started POST "/recipes" for 127.0.0.1 at 2015-06-01 18:06:17 -0400
Processing by RecipesController#create as HTML
  Parameters: {"utf8"=>"✓", "authenticity_token"=>"QcrYHOC09u+y1rwqJ0nK06YAsBem+uE9bOdus56KjpkwIYUhH2xH9BzzYZ1HtLdvOJZhu02q6JS3solVLQPvxw==", "recipe"=>{"title"=>"blah lblah", "body"=>"recipe!"}, "commit"=>"Save Recipe"}
  [1m[35m (0.1ms)[0m  BEGIN
  [1m[36mSQL (0.2ms)[0m  [1mINSERT INTO "recipes" ("title", "body", "created_at", "updated_at") VALUES ($1, $2, $3, $4) RETURNING "id"[0m  [["title", "blah lblah"], ["body", "recipe!"], ["created_at", "2015-06-01 22:06:17.141499"], ["updated_at", "2015-06-01 22:06:17.141499"]]
  [1m[35m (18.3ms)[0m  COMMIT
Redirected to http://localhost:3000/recipes/3
Completed 302 Found in 24ms (ActiveRecord: 18.7ms)


Started GET "/recipes/3" for 127.0.0.1 at 2015-06-01 18:06:17 -0400
Processing by RecipesController#show as HTML
  Parameters: {"id"=>"3"}
  [1m[36mRecipe Load (0.3ms)[0m  [1mSELECT  "recipes".* FROM "recipes" WHERE "recipes"."id" = $1 LIMIT 1[0m  [["id", 3]]
  Rendered recipes/show.html.erb within layouts/application (0.6ms)
Completed 200 OK in 31ms (Views: 29.2ms | ActiveRecord: 0.3ms)


Started GET "/recipes" for 127.0.0.1 at 2015-06-01 18:06:20 -0400
Processing by RecipesController#index as HTML
  [1m[35mRecipe Load (0.3ms)[0m  SELECT "recipes".* FROM "recipes"
  Rendered recipes/index.html.erb within layouts/application (1.7ms)
Completed 200 OK in 30ms (Views: 29.0ms | ActiveRecord: 0.3ms)


Started GET "/recipes/new" for 127.0.0.1 at 2015-06-01 18:11:00 -0400
Processing by RecipesController#new as HTML
  Rendered recipes/new.html.erb within layouts/application (2.3ms)
Completed 200 OK in 31ms (Views: 30.0ms | ActiveRecord: 0.0ms)


Started POST "/recipes" for 127.0.0.1 at 2015-06-01 18:11:09 -0400
Processing by RecipesController#create as HTML
  Parameters: {"utf8"=>"✓", "authenticity_token"=>"tw5Kxbz0/PklLrWYgpDMevMbq4vAA/uLnLJVw1ft+bjG5Rf4QyxN4osLaC/ibbHGbY16JytT8iJH57Il5GSY5g==", "recipe"=>{"title"=>"dg", "body"=>"test failure"}, "commit"=>"Save Recipe"}
  [1m[36m (0.1ms)[0m  [1mBEGIN[0m
  [1m[35m (0.1ms)[0m  ROLLBACK
  Rendered recipes/new.html.erb within layouts/application (3.0ms)
Completed 500 Internal Server Error in 8ms (ActiveRecord: 0.2ms)

ActionView::Template::Error (undefined method `errors' for nil:NilClass):
    10:         prohibited this recipe from being saved:
    11:       </h2>
    12:       <ul>
    13:         <%@article.errors.full_messages.each do |msg| %>
    14:         <li><%=msg %></li>
    15:         <% end %>
    16:       </ul>
  app/views/recipes/new.html.erb:13:in `block in _app_views_recipes_new_html_erb__292117601885815928_69855723418500'
  app/views/recipes/new.html.erb:3:in `_app_views_recipes_new_html_erb__292117601885815928_69855723418500'
  app/controllers/recipes_controller.rb:23:in `create'


  Rendered /home/keith/.rvm/gems/ruby-2.2.1/gems/actionpack-4.2.1/lib/action_dispatch/middleware/templates/rescues/_source.erb (8.2ms)
  Rendered /home/keith/.rvm/gems/ruby-2.2.1/gems/actionpack-4.2.1/lib/action_dispatch/middleware/templates/rescues/_trace.html.erb (3.4ms)
  Rendered /home/keith/.rvm/gems/ruby-2.2.1/gems/actionpack-4.2.1/lib/action_dispatch/middleware/templates/rescues/_request_and_response.html.erb (1.0ms)
  Rendered /home/keith/.rvm/gems/ruby-2.2.1/gems/actionpack-4.2.1/lib/action_dispatch/middleware/templates/rescues/template_error.html.erb within rescues/layout (26.4ms)
  Rendered /home/keith/.rvm/gems/ruby-2.2.1/gems/web-console-2.1.2/lib/web_console/templates/_markup.html.erb (0.3ms)
  Rendered /home/keith/.rvm/gems/ruby-2.2.1/gems/web-console-2.1.2/lib/web_console/templates/style.css.erb within layouts/inlined_string (0.4ms)
  Rendered /home/keith/.rvm/gems/ruby-2.2.1/gems/web-console-2.1.2/lib/web_console/templates/_inner_console_markup.html.erb within layouts/inlined_string (0.3ms)
  Rendered /home/keith/.rvm/gems/ruby-2.2.1/gems/web-console-2.1.2/lib/web_console/templates/_prompt_box_markup.html.erb within layouts/inlined_string (0.2ms)
  Rendered /home/keith/.rvm/gems/ruby-2.2.1/gems/web-console-2.1.2/lib/web_console/templates/console.js.erb within layouts/javascript (16.3ms)
  Rendered /home/keith/.rvm/gems/ruby-2.2.1/gems/web-console-2.1.2/lib/web_console/templates/main.js.erb within layouts/javascript (0.3ms)
  Rendered /home/keith/.rvm/gems/ruby-2.2.1/gems/web-console-2.1.2/lib/web_console/templates/error_page.js.erb within layouts/javascript (0.4ms)
  Rendered /home/keith/.rvm/gems/ruby-2.2.1/gems/web-console-2.1.2/lib/web_console/templates/index.html.erb (32.6ms)


Started GET "/recipes" for 127.0.0.1 at 2015-06-01 18:11:22 -0400
Processing by RecipesController#index as HTML
  [1m[36mRecipe Load (2.7ms)[0m  [1mSELECT "recipes".* FROM "recipes"[0m
  Rendered recipes/index.html.erb within layouts/application (4.9ms)
Completed 200 OK in 38ms (Views: 34.6ms | ActiveRecord: 2.7ms)


Started GET "/recipes/new" for 127.0.0.1 at 2015-06-01 18:11:26 -0400
Processing by RecipesController#new as HTML
  Rendered recipes/new.html.erb within layouts/application (2.3ms)
Completed 200 OK in 32ms (Views: 31.8ms | ActiveRecord: 0.0ms)


Started POST "/recipes" for 127.0.0.1 at 2015-06-01 18:11:31 -0400
Processing by RecipesController#create as HTML
  Parameters: {"utf8"=>"✓", "authenticity_token"=>"q7Ja3l3oOzcY25Rjn6WG6GQVQsk9AcMf1Hehyv0Ii5raWQfjojCKLLb+SdT/WPtU+oOTZdZRyrYPIkYsToHqxA==", "recipe"=>{"title"=>"df", "body"=>"failure"}, "commit"=>"Save Recipe"}
  [1m[35m (0.1ms)[0m  BEGIN
  [1m[36m (3.8ms)[0m  [1mROLLBACK[0m
  Rendered recipes/new.html.erb within layouts/application (4.0ms)
Completed 200 OK in 45ms (Views: 38.0ms | ActiveRecord: 4.0ms)


Started GET "/recipes" for 127.0.0.1 at 2015-06-01 18:33:15 -0400
Processing by RecipesController#index as HTML
  [1m[35mRecipe Load (0.3ms)[0m  SELECT "recipes".* FROM "recipes"
  Rendered recipes/index.html.erb within layouts/application (8.9ms)
Completed 200 OK in 39ms (Views: 34.8ms | ActiveRecord: 2.1ms)


Started GET "/recipes?url=%2Frecipes%2F3%2Fedit" for 127.0.0.1 at 2015-06-01 18:33:20 -0400
Processing by RecipesController#index as HTML
  Parameters: {"url"=>"/recipes/3/edit"}
  [1m[36mRecipe Load (0.3ms)[0m  [1mSELECT "recipes".* FROM "recipes"[0m
  Rendered recipes/index.html.erb within layouts/application (2.9ms)
Completed 200 OK in 31ms (Views: 30.2ms | ActiveRecord: 0.3ms)


Started GET "/recipes?url=%2Frecipes%2F3%2Fedit" for 127.0.0.1 at 2015-06-01 18:33:24 -0400
Processing by RecipesController#index as HTML
  Parameters: {"url"=>"/recipes/3/edit"}
  [1m[35mRecipe Load (0.3ms)[0m  SELECT "recipes".* FROM "recipes"
  Rendered recipes/index.html.erb within layouts/application (2.3ms)
Completed 200 OK in 32ms (Views: 30.6ms | ActiveRecord: 0.3ms)


Started GET "/recipes?url=%2Frecipes%2F3%2Fedit" for 127.0.0.1 at 2015-06-01 18:33:25 -0400
Processing by RecipesController#index as HTML
  Parameters: {"url"=>"/recipes/3/edit"}
  [1m[36mRecipe Load (0.3ms)[0m  [1mSELECT "recipes".* FROM "recipes"[0m
  Rendered recipes/index.html.erb within layouts/application (3.0ms)
Completed 200 OK in 42ms (Views: 40.7ms | ActiveRecord: 0.3ms)


Started GET "/recipes?url=%2Frecipes%2F1" for 127.0.0.1 at 2015-06-01 18:33:30 -0400
Processing by RecipesController#index as HTML
  Parameters: {"url"=>"/recipes/1"}
  [1m[35mRecipe Load (0.4ms)[0m  SELECT "recipes".* FROM "recipes"
  Rendered recipes/index.html.erb within layouts/application (4.1ms)
Completed 200 OK in 44ms (Views: 43.2ms | ActiveRecord: 0.4ms)


Started GET "/recipes?url=%2Frecipes%2F1" for 127.0.0.1 at 2015-06-01 18:33:32 -0400
Processing by RecipesController#index as HTML
  Parameters: {"url"=>"/recipes/1"}
  [1m[36mRecipe Load (0.3ms)[0m  [1mSELECT "recipes".* FROM "recipes"[0m
  Rendered recipes/index.html.erb within layouts/application (3.1ms)
Completed 200 OK in 44ms (Views: 43.2ms | ActiveRecord: 0.3ms)


Started GET "/recipes/new" for 127.0.0.1 at 2015-06-01 18:41:52 -0400
Processing by RecipesController#new as HTML
  Rendered recipes/_form.html.erb (6.5ms)
  Rendered recipes/new.html.erb within layouts/application (8.3ms)
Completed 200 OK in 46ms (Views: 45.0ms | ActiveRecord: 0.0ms)


Started POST "/recipes" for 127.0.0.1 at 2015-06-01 18:42:03 -0400
Processing by RecipesController#create as HTML
  Parameters: {"utf8"=>"✓", "authenticity_token"=>"0NSoyYIkBC/rnxDqVHHparjC2GAND/v5i+rnMU7Z9/WhP/X0ffy1NEW6zV00jJTWJlQJzOZf8lBQvwDX/VCWqw==", "recipe"=>{"title"=>"adding a new recipe", "body"=>"try to edit this!"}, "commit"=>"Create Recipe"}
  [1m[35m (0.1ms)[0m  BEGIN
  [1m[36mSQL (2.8ms)[0m  [1mINSERT INTO "recipes" ("title", "body", "created_at", "updated_at") VALUES ($1, $2, $3, $4) RETURNING "id"[0m  [["title", "adding a new recipe"], ["body", "try to edit this!"], ["created_at", "2015-06-01 22:42:03.532043"], ["updated_at", "2015-06-01 22:42:03.532043"]]
  [1m[35m (15.5ms)[0m  COMMIT
Redirected to http://localhost:3000/recipes/4
Completed 302 Found in 24ms (ActiveRecord: 18.5ms)


Started GET "/recipes/4" for 127.0.0.1 at 2015-06-01 18:42:03 -0400
Processing by RecipesController#show as HTML
  Parameters: {"id"=>"4"}
  [1m[36mRecipe Load (0.4ms)[0m  [1mSELECT  "recipes".* FROM "recipes" WHERE "recipes"."id" = $1 LIMIT 1[0m  [["id", 4]]
  Rendered recipes/show.html.erb within layouts/application (1.9ms)
Completed 200 OK in 40ms (Views: 37.5ms | ActiveRecord: 0.4ms)


Started GET "/recipes/4/edit" for 127.0.0.1 at 2015-06-01 18:42:06 -0400
Processing by RecipesController#edit as HTML
  Parameters: {"id"=>"4"}
  [1m[35mRecipe Load (0.3ms)[0m  SELECT  "recipes".* FROM "recipes" WHERE "recipes"."id" = $1 LIMIT 1  [["id", 4]]
  Rendered recipes/_form.html.erb (1.8ms)
  Rendered recipes/edit.html.erb within layouts/application (3.2ms)
Completed 200 OK in 39ms (Views: 37.4ms | ActiveRecord: 0.3ms)


Started PATCH "/recipes/4" for 127.0.0.1 at 2015-06-01 18:42:12 -0400
Processing by RecipesController#update as HTML
  Parameters: {"utf8"=>"✓", "authenticity_token"=>"hUnQxDXZQ8eQlEWl6iGU9vcws3vc6yT4DgawueQYK/H0oo35ygHy3D6xmBKK3OlKaaZi1ze7LVHVU1dfV5FKrw==", "recipe"=>{"title"=>"adding a new recipe", "body"=>"edited!"}, "commit"=>"Update Recipe", "id"=>"4"}
  [1m[36mRecipe Load (0.2ms)[0m  [1mSELECT  "recipes".* FROM "recipes" WHERE "recipes"."id" = $1 LIMIT 1[0m  [["id", 4]]
  [1m[35m (1.8ms)[0m  BEGIN
  [1m[36mSQL (0.3ms)[0m  [1mUPDATE "recipes" SET "body" = $1, "updated_at" = $2 WHERE "recipes"."id" = $3[0m  [["body", "edited!"], ["updated_at", "2015-06-01 22:42:13.007062"], ["id", 4]]
  [1m[35m (16.8ms)[0m  COMMIT
Redirected to http://localhost:3000/recipes/4
Completed 302 Found in 26ms (ActiveRecord: 19.1ms)


Started GET "/recipes/4" for 127.0.0.1 at 2015-06-01 18:42:13 -0400
Processing by RecipesController#show as HTML
  Parameters: {"id"=>"4"}
  [1m[36mRecipe Load (0.3ms)[0m  [1mSELECT  "recipes".* FROM "recipes" WHERE "recipes"."id" = $1 LIMIT 1[0m  [["id", 4]]
  Rendered recipes/show.html.erb within layouts/application (0.4ms)
Completed 200 OK in 51ms (Views: 49.5ms | ActiveRecord: 0.3ms)


Started GET "/recipes" for 127.0.0.1 at 2015-06-01 18:42:15 -0400
Processing by RecipesController#index as HTML
  [1m[35mRecipe Load (0.3ms)[0m  SELECT "recipes".* FROM "recipes"
  Rendered recipes/index.html.erb within layouts/application (3.6ms)
Completed 200 OK in 42ms (Views: 40.6ms | ActiveRecord: 0.3ms)


Started GET "/recipes?url=%2Frecipes%2F1%2Fedit" for 127.0.0.1 at 2015-06-01 18:42:17 -0400
Processing by RecipesController#index as HTML
  Parameters: {"url"=>"/recipes/1/edit"}
  [1m[36mRecipe Load (0.3ms)[0m  [1mSELECT "recipes".* FROM "recipes"[0m
  Rendered recipes/index.html.erb within layouts/application (3.5ms)
Completed 200 OK in 44ms (Views: 43.0ms | ActiveRecord: 0.3ms)


Started GET "/recipes?url=%2Frecipes%2F1%2Fedit" for 127.0.0.1 at 2015-06-01 18:42:18 -0400
Processing by RecipesController#index as HTML
  Parameters: {"url"=>"/recipes/1/edit"}
  [1m[35mRecipe Load (1.6ms)[0m  SELECT "recipes".* FROM "recipes"
  Rendered recipes/index.html.erb within layouts/application (5.6ms)
Completed 200 OK in 42ms (Views: 39.8ms | ActiveRecord: 1.6ms)


Started GET "/recipes?url=%2Frecipes%2F2" for 127.0.0.1 at 2015-06-01 18:42:19 -0400
Processing by RecipesController#index as HTML
  Parameters: {"url"=>"/recipes/2"}
  [1m[36mRecipe Load (0.3ms)[0m  [1mSELECT "recipes".* FROM "recipes"[0m
  Rendered recipes/index.html.erb within layouts/application (3.5ms)
Completed 200 OK in 47ms (Views: 46.2ms | ActiveRecord: 0.3ms)


Started GET "/recipes?url=%2Frecipes%2F1" for 127.0.0.1 at 2015-06-01 18:42:21 -0400
Processing by RecipesController#index as HTML
  Parameters: {"url"=>"/recipes/1"}
  [1m[35mRecipe Load (0.3ms)[0m  SELECT "recipes".* FROM "recipes"
  Rendered recipes/index.html.erb within layouts/application (3.4ms)
Completed 200 OK in 39ms (Views: 37.2ms | ActiveRecord: 0.3ms)


Started GET "/recipes?url=%2Frecipes%2F1" for 127.0.0.1 at 2015-06-01 18:44:06 -0400
Processing by RecipesController#index as HTML
  Parameters: {"url"=>"/recipes/1"}
  [1m[36mRecipe Load (0.3ms)[0m  [1mSELECT "recipes".* FROM "recipes"[0m
  Rendered recipes/index.html.erb within layouts/application (2.8ms)
Completed 200 OK in 44ms (Views: 43.1ms | ActiveRecord: 0.3ms)


Started GET "/recipes/2" for 127.0.0.1 at 2015-06-01 18:44:08 -0400
Processing by RecipesController#show as HTML
  Parameters: {"id"=>"2"}
  [1m[35mRecipe Load (0.2ms)[0m  SELECT  "recipes".* FROM "recipes" WHERE "recipes"."id" = $1 LIMIT 1  [["id", 2]]
  Rendered recipes/show.html.erb within layouts/application (0.8ms)
Completed 200 OK in 34ms (Views: 31.8ms | ActiveRecord: 0.2ms)


Started GET "/recipes" for 127.0.0.1 at 2015-06-01 18:44:11 -0400
Processing by RecipesController#index as HTML
  [1m[36mRecipe Load (0.4ms)[0m  [1mSELECT "recipes".* FROM "recipes"[0m
  Rendered recipes/index.html.erb within layouts/application (3.1ms)
Completed 200 OK in 36ms (Views: 35.0ms | ActiveRecord: 0.4ms)


Started GET "/recipes/2/edit" for 127.0.0.1 at 2015-06-01 18:44:12 -0400
Processing by RecipesController#edit as HTML
  Parameters: {"id"=>"2"}
  [1m[35mRecipe Load (0.8ms)[0m  SELECT  "recipes".* FROM "recipes" WHERE "recipes"."id" = $1 LIMIT 1  [["id", 2]]
  Rendered recipes/_form.html.erb (1.7ms)
  Rendered recipes/edit.html.erb within layouts/application (2.5ms)
Completed 200 OK in 35ms (Views: 33.4ms | ActiveRecord: 0.8ms)


Started PATCH "/recipes/2" for 127.0.0.1 at 2015-06-01 18:44:19 -0400
Processing by RecipesController#update as HTML
  Parameters: {"utf8"=>"✓", "authenticity_token"=>"nlbvYr8fn4RZkO7gO2rz7jehNbnBbtbHlGeqVb2ditfvvbJfQMcun/e1M1dbl45SqTfkFSo+325PMk2zDhTriQ==", "recipe"=>{"title"=>"new recipe on the scene!", "body"=>"made da edit"}, "commit"=>"Update Recipe", "id"=>"2"}
  [1m[36mRecipe Load (0.2ms)[0m  [1mSELECT  "recipes".* FROM "recipes" WHERE "recipes"."id" = $1 LIMIT 1[0m  [["id", 2]]
  [1m[35m (0.1ms)[0m  BEGIN
  [1m[36mSQL (0.3ms)[0m  [1mUPDATE "recipes" SET "body" = $1, "updated_at" = $2 WHERE "recipes"."id" = $3[0m  [["body", "made da edit"], ["updated_at", "2015-06-01 22:44:19.170481"], ["id", 2]]
  [1m[35m (20.9ms)[0m  COMMIT
Redirected to http://localhost:3000/recipes/2
Completed 302 Found in 27ms (ActiveRecord: 21.5ms)


Started GET "/recipes/2" for 127.0.0.1 at 2015-06-01 18:44:19 -0400
Processing by RecipesController#show as HTML
  Parameters: {"id"=>"2"}
  [1m[36mRecipe Load (0.2ms)[0m  [1mSELECT  "recipes".* FROM "recipes" WHERE "recipes"."id" = $1 LIMIT 1[0m  [["id", 2]]
  Rendered recipes/show.html.erb within layouts/application (0.5ms)
Completed 200 OK in 33ms (Views: 31.8ms | ActiveRecord: 0.2ms)


Started GET "/recipes" for 127.0.0.1 at 2015-06-01 18:44:21 -0400
Processing by RecipesController#index as HTML
  [1m[35mRecipe Load (0.2ms)[0m  SELECT "recipes".* FROM "recipes"
  Rendered recipes/index.html.erb within layouts/application (4.0ms)
Completed 200 OK in 40ms (Views: 38.8ms | ActiveRecord: 0.2ms)


Started GET "/recipes" for 127.0.0.1 at 2015-06-01 18:49:02 -0400
Processing by RecipesController#index as HTML
  Rendered recipes/index.html.erb within layouts/application (1.4ms)
Completed 500 Internal Server Error in 5ms (ActiveRecord: 0.0ms)

SyntaxError (/home/keith/ga/project/keiths_cookbook/app/views/recipes/index.html.erb:15: syntax error, unexpected tSYMBEG, expecting keyword_do or '{' or '('
..., recipe_path(recipe), method :delete, data: (confirm: "Are ...
...                               ^
/home/keith/ga/project/keiths_cookbook/app/views/recipes/index.html.erb:15: syntax error, unexpected tSTRING_DEND, expecting ')'
...ata: (confirm: "Are you sure?"} );@output_buffer.safe_append...
...                               ^
/home/keith/ga/project/keiths_cookbook/app/views/recipes/index.html.erb:17: syntax error, unexpected keyword_end, expecting ')'
'.freeze;     end 
                 ^
/home/keith/ga/project/keiths_cookbook/app/views/recipes/index.html.erb:20: syntax error, unexpected keyword_ensure, expecting ')'
/home/keith/ga/project/keiths_cookbook/app/views/recipes/index.html.erb:22: syntax error, unexpected keyword_end, expecting ')'):
  app/views/recipes/index.html.erb:15: syntax error, unexpected tSYMBEG, expecting keyword_do or '{' or '('
  app/views/recipes/index.html.erb:15: syntax error, unexpected tSTRING_DEND, expecting ')'
  app/views/recipes/index.html.erb:17: syntax error, unexpected keyword_end, expecting ')'
  app/views/recipes/index.html.erb:20: syntax error, unexpected keyword_ensure, expecting ')'
  app/views/recipes/index.html.erb:22: syntax error, unexpected keyword_end, expecting ')'


  Rendered /home/keith/.rvm/gems/ruby-2.2.1/gems/actionpack-4.2.1/lib/action_dispatch/middleware/templates/rescues/_source.erb (8.3ms)
  Rendered /home/keith/.rvm/gems/ruby-2.2.1/gems/actionpack-4.2.1/lib/action_dispatch/middleware/templates/rescues/_trace.html.erb (3.8ms)
  Rendered /home/keith/.rvm/gems/ruby-2.2.1/gems/actionpack-4.2.1/lib/action_dispatch/middleware/templates/rescues/_request_and_response.html.erb (1.0ms)
  Rendered /home/keith/.rvm/gems/ruby-2.2.1/gems/actionpack-4.2.1/lib/action_dispatch/middleware/templates/rescues/diagnostics.html.erb within rescues/layout (27.3ms)
  Rendered /home/keith/.rvm/gems/ruby-2.2.1/gems/web-console-2.1.2/lib/web_console/templates/_markup.html.erb (0.3ms)
  Rendered /home/keith/.rvm/gems/ruby-2.2.1/gems/web-console-2.1.2/lib/web_console/templates/style.css.erb within layouts/inlined_string (0.3ms)
  Rendered /home/keith/.rvm/gems/ruby-2.2.1/gems/web-console-2.1.2/lib/web_console/templates/_inner_console_markup.html.erb within layouts/inlined_string (0.3ms)
  Rendered /home/keith/.rvm/gems/ruby-2.2.1/gems/web-console-2.1.2/lib/web_console/templates/_prompt_box_markup.html.erb within layouts/inlined_string (0.3ms)
  Rendered /home/keith/.rvm/gems/ruby-2.2.1/gems/web-console-2.1.2/lib/web_console/templates/console.js.erb within layouts/javascript (16.2ms)
  Rendered /home/keith/.rvm/gems/ruby-2.2.1/gems/web-console-2.1.2/lib/web_console/templates/main.js.erb within layouts/javascript (0.2ms)
  Rendered /home/keith/.rvm/gems/ruby-2.2.1/gems/web-console-2.1.2/lib/web_console/templates/error_page.js.erb within layouts/javascript (0.4ms)
  Rendered /home/keith/.rvm/gems/ruby-2.2.1/gems/web-console-2.1.2/lib/web_console/templates/index.html.erb (32.1ms)


Started GET "/recipes" for 127.0.0.1 at 2015-06-01 18:49:37 -0400
Processing by RecipesController#index as HTML
  Rendered recipes/index.html.erb within layouts/application (1.1ms)
Completed 500 Internal Server Error in 3ms (ActiveRecord: 0.0ms)

SyntaxError (/home/keith/ga/project/keiths_cookbook/app/views/recipes/index.html.erb:15: syntax error, unexpected tLABEL
...ethod: :delete, data: (confirm: "Are you sure?"} );@output_b...
...                               ^
/home/keith/ga/project/keiths_cookbook/app/views/recipes/index.html.erb:15: syntax error, unexpected tSTRING_DEND, expecting ')'
...ata: (confirm: "Are you sure?"} );@output_buffer.safe_append...
...                               ^
/home/keith/ga/project/keiths_cookbook/app/views/recipes/index.html.erb:17: syntax error, unexpected keyword_end, expecting ')'
'.freeze;     end 
                 ^
/home/keith/ga/project/keiths_cookbook/app/views/recipes/index.html.erb:20: syntax error, unexpected keyword_ensure, expecting ')'
/home/keith/ga/project/keiths_cookbook/app/views/recipes/index.html.erb:22: syntax error, unexpected keyword_end, expecting ')'):
  app/views/recipes/index.html.erb:15: syntax error, unexpected tLABEL
  app/views/recipes/index.html.erb:15: syntax error, unexpected tSTRING_DEND, expecting ')'
  app/views/recipes/index.html.erb:17: syntax error, unexpected keyword_end, expecting ')'
  app/views/recipes/index.html.erb:20: syntax error, unexpected keyword_ensure, expecting ')'
  app/views/recipes/index.html.erb:22: syntax error, unexpected keyword_end, expecting ')'


  Rendered /home/keith/.rvm/gems/ruby-2.2.1/gems/actionpack-4.2.1/lib/action_dispatch/middleware/templates/rescues/_source.erb (8.3ms)
  Rendered /home/keith/.rvm/gems/ruby-2.2.1/gems/actionpack-4.2.1/lib/action_dispatch/middleware/templates/rescues/_trace.html.erb (3.7ms)
  Rendered /home/keith/.rvm/gems/ruby-2.2.1/gems/actionpack-4.2.1/lib/action_dispatch/middleware/templates/rescues/_request_and_response.html.erb (1.1ms)
  Rendered /home/keith/.rvm/gems/ruby-2.2.1/gems/actionpack-4.2.1/lib/action_dispatch/middleware/templates/rescues/diagnostics.html.erb within rescues/layout (27.2ms)
  Rendered /home/keith/.rvm/gems/ruby-2.2.1/gems/web-console-2.1.2/lib/web_console/templates/_markup.html.erb (0.4ms)
  Rendered /home/keith/.rvm/gems/ruby-2.2.1/gems/web-console-2.1.2/lib/web_console/templates/style.css.erb within layouts/inlined_string (0.4ms)
  Rendered /home/keith/.rvm/gems/ruby-2.2.1/gems/web-console-2.1.2/lib/web_console/templates/_inner_console_markup.html.erb within layouts/inlined_string (0.3ms)
  Rendered /home/keith/.rvm/gems/ruby-2.2.1/gems/web-console-2.1.2/lib/web_console/templates/_prompt_box_markup.html.erb within layouts/inlined_string (0.3ms)
  Rendered /home/keith/.rvm/gems/ruby-2.2.1/gems/web-console-2.1.2/lib/web_console/templates/console.js.erb within layouts/javascript (16.4ms)
  Rendered /home/keith/.rvm/gems/ruby-2.2.1/gems/web-console-2.1.2/lib/web_console/templates/main.js.erb within layouts/javascript (0.2ms)
  Rendered /home/keith/.rvm/gems/ruby-2.2.1/gems/web-console-2.1.2/lib/web_console/templates/error_page.js.erb within layouts/javascript (0.3ms)
  Rendered /home/keith/.rvm/gems/ruby-2.2.1/gems/web-console-2.1.2/lib/web_console/templates/index.html.erb (32.7ms)


Started GET "/recipes" for 127.0.0.1 at 2015-06-01 18:50:23 -0400
Processing by RecipesController#index as HTML
  Rendered recipes/index.html.erb within layouts/application (1.3ms)
Completed 500 Internal Server Error in 3ms (ActiveRecord: 0.0ms)

SyntaxError (/home/keith/ga/project/keiths_cookbook/app/views/recipes/index.html.erb:17: syntax error, unexpected tLABEL
              data: (confirm: "Are you sure?"} );@output_b...
                             ^
/home/keith/ga/project/keiths_cookbook/app/views/recipes/index.html.erb:17: syntax error, unexpected tSTRING_DEND, expecting ')'
...ata: (confirm: "Are you sure?"} );@output_buffer.safe_append...
...                               ^
/home/keith/ga/project/keiths_cookbook/app/views/recipes/index.html.erb:19: syntax error, unexpected keyword_end, expecting ')'
'.freeze;     end 
                 ^
/home/keith/ga/project/keiths_cookbook/app/views/recipes/index.html.erb:22: syntax error, unexpected keyword_ensure, expecting ')'
/home/keith/ga/project/keiths_cookbook/app/views/recipes/index.html.erb:24: syntax error, unexpected keyword_end, expecting ')'):
  app/views/recipes/index.html.erb:17: syntax error, unexpected tLABEL
  app/views/recipes/index.html.erb:17: syntax error, unexpected tSTRING_DEND, expecting ')'
  app/views/recipes/index.html.erb:19: syntax error, unexpected keyword_end, expecting ')'
  app/views/recipes/index.html.erb:22: syntax error, unexpected keyword_ensure, expecting ')'
  app/views/recipes/index.html.erb:24: syntax error, unexpected keyword_end, expecting ')'


  Rendered /home/keith/.rvm/gems/ruby-2.2.1/gems/actionpack-4.2.1/lib/action_dispatch/middleware/templates/rescues/_source.erb (8.9ms)
  Rendered /home/keith/.rvm/gems/ruby-2.2.1/gems/actionpack-4.2.1/lib/action_dispatch/middleware/templates/rescues/_trace.html.erb (3.7ms)
  Rendered /home/keith/.rvm/gems/ruby-2.2.1/gems/actionpack-4.2.1/lib/action_dispatch/middleware/templates/rescues/_request_and_response.html.erb (1.0ms)
  Rendered /home/keith/.rvm/gems/ruby-2.2.1/gems/actionpack-4.2.1/lib/action_dispatch/middleware/templates/rescues/diagnostics.html.erb within rescues/layout (27.9ms)
  Rendered /home/keith/.rvm/gems/ruby-2.2.1/gems/web-console-2.1.2/lib/web_console/templates/_markup.html.erb (0.3ms)
  Rendered /home/keith/.rvm/gems/ruby-2.2.1/gems/web-console-2.1.2/lib/web_console/templates/style.css.erb within layouts/inlined_string (0.4ms)
  Rendered /home/keith/.rvm/gems/ruby-2.2.1/gems/web-console-2.1.2/lib/web_console/templates/_inner_console_markup.html.erb within layouts/inlined_string (0.3ms)
  Rendered /home/keith/.rvm/gems/ruby-2.2.1/gems/web-console-2.1.2/lib/web_console/templates/_prompt_box_markup.html.erb within layouts/inlined_string (0.2ms)
  Rendered /home/keith/.rvm/gems/ruby-2.2.1/gems/web-console-2.1.2/lib/web_console/templates/console.js.erb within layouts/javascript (16.3ms)
  Rendered /home/keith/.rvm/gems/ruby-2.2.1/gems/web-console-2.1.2/lib/web_console/templates/main.js.erb within layouts/javascript (0.3ms)
  Rendered /home/keith/.rvm/gems/ruby-2.2.1/gems/web-console-2.1.2/lib/web_console/templates/error_page.js.erb within layouts/javascript (0.4ms)
  Rendered /home/keith/.rvm/gems/ruby-2.2.1/gems/web-console-2.1.2/lib/web_console/templates/index.html.erb (32.6ms)


Started GET "/recipes" for 127.0.0.1 at 2015-06-01 18:51:07 -0400
Processing by RecipesController#index as HTML
  [1m[36mRecipe Load (0.4ms)[0m  [1mSELECT "recipes".* FROM "recipes"[0m
  Rendered recipes/index.html.erb within layouts/application (8.6ms)
Completed 200 OK in 54ms (Views: 51.6ms | ActiveRecord: 1.9ms)


Started DELETE "/recipes/3" for 127.0.0.1 at 2015-06-01 18:51:12 -0400
Processing by RecipesController#destroy as HTML
  Parameters: {"authenticity_token"=>"jjDbrcujVFCjay7CK8JasZHoJOZ+Ptq6a8P6tpFqNB//24aQNHvlSw1O83VLPycND371SpVu0xOwlh1QIuNVQQ==", "id"=>"3"}
  [1m[35mRecipe Load (0.2ms)[0m  SELECT  "recipes".* FROM "recipes" WHERE "recipes"."id" = $1 LIMIT 1  [["id", 3]]
  [1m[36m (0.1ms)[0m  [1mBEGIN[0m
  [1m[35mSQL (0.2ms)[0m  DELETE FROM "recipes" WHERE "recipes"."id" = $1  [["id", 3]]
  [1m[36m (39.6ms)[0m  [1mCOMMIT[0m
Redirected to http://localhost:3000/recipes
Completed 302 Found in 43ms (ActiveRecord: 40.1ms)


Started GET "/recipes" for 127.0.0.1 at 2015-06-01 18:51:12 -0400
Processing by RecipesController#index as HTML
  [1m[35mRecipe Load (1.3ms)[0m  SELECT "recipes".* FROM "recipes"
  Rendered recipes/index.html.erb within layouts/application (4.1ms)
Completed 200 OK in 34ms (Views: 32.3ms | ActiveRecord: 1.3ms)
  [1m[36mActiveRecord::SchemaMigration Load (0.3ms)[0m  [1mSELECT "schema_migrations".* FROM "schema_migrations"[0m
Migrating to CreateComments (20150601225219)
  [1m[35m (0.2ms)[0m  BEGIN
  [1m[36m (103.8ms)[0m  [1mCREATE TABLE "comments" ("id" serial primary key, "commenter" character varying, "body" text, "recipe_id" integer, "created_at" timestamp NOT NULL, "updated_at" timestamp NOT NULL) [0m
  [1m[35m (56.7ms)[0m  CREATE  INDEX  "index_comments_on_recipe_id" ON "comments"  ("recipe_id")
  [1m[36m (1.6ms)[0m  [1mALTER TABLE "comments" ADD CONSTRAINT "fk_rails_fa790d5166"
FOREIGN KEY ("recipe_id")
  REFERENCES "recipes" ("id")
[0m
  [1m[35m (14.9ms)[0m  ALTER TABLE "comments" ADD CONSTRAINT "fk_rails_fa790d5166"
FOREIGN KEY ("recipe_id")
  REFERENCES "recipes" ("id")

PG::DuplicateObject: ERROR:  constraint "fk_rails_fa790d5166" for relation "comments" already exists
: ALTER TABLE "comments" ADD CONSTRAINT "fk_rails_fa790d5166"
FOREIGN KEY ("recipe_id")
  REFERENCES "recipes" ("id")

  [1m[36m (0.1ms)[0m  [1mROLLBACK[0m
  [1m[36mActiveRecord::SchemaMigration Load (0.3ms)[0m  [1mSELECT "schema_migrations".* FROM "schema_migrations"[0m
Migrating to CreateComments (20150601225219)
  [1m[35m (0.2ms)[0m  BEGIN
  [1m[36m (117.6ms)[0m  [1mCREATE TABLE "comments" ("id" serial primary key, "commenter" character varying, "body" text, "recipe_id" integer, "created_at" timestamp NOT NULL, "updated_at" timestamp NOT NULL) [0m
  [1m[35m (57.1ms)[0m  CREATE  INDEX  "index_comments_on_recipe_id" ON "comments"  ("recipe_id")
  [1m[36m (2.3ms)[0m  [1mALTER TABLE "comments" ADD CONSTRAINT "fk_rails_fa790d5166"
FOREIGN KEY ("recipe_id")
  REFERENCES "recipes" ("id")
[0m
  [1m[35mSQL (0.3ms)[0m  INSERT INTO "schema_migrations" ("version") VALUES ($1)  [["version", "20150601225219"]]
  [1m[36m (21.2ms)[0m  [1mCOMMIT[0m
  [1m[35mActiveRecord::SchemaMigration Load (0.2ms)[0m  SELECT "schema_migrations".* FROM "schema_migrations"
  [1m[36m (4.5ms)[0m  [1mSELECT t2.oid::regclass::text AS to_table, a1.attname AS column, a2.attname AS primary_key, c.conname AS name, c.confupdtype AS on_update, c.confdeltype AS on_delete
FROM pg_constraint c
JOIN pg_class t1 ON c.conrelid = t1.oid
JOIN pg_class t2 ON c.confrelid = t2.oid
JOIN pg_attribute a1 ON a1.attnum = c.conkey[1] AND a1.attrelid = t1.oid
JOIN pg_attribute a2 ON a2.attnum = c.confkey[1] AND a2.attrelid = t2.oid
JOIN pg_namespace t3 ON c.connamespace = t3.oid
WHERE c.contype = 'f'
  AND t1.relname = 'comments'
  AND t3.nspname = ANY (current_schemas(false))
ORDER BY c.conname
[0m
  [1m[35m (3.7ms)[0m  SELECT t2.oid::regclass::text AS to_table, a1.attname AS column, a2.attname AS primary_key, c.conname AS name, c.confupdtype AS on_update, c.confdeltype AS on_delete
FROM pg_constraint c
JOIN pg_class t1 ON c.conrelid = t1.oid
JOIN pg_class t2 ON c.confrelid = t2.oid
JOIN pg_attribute a1 ON a1.attnum = c.conkey[1] AND a1.attrelid = t1.oid
JOIN pg_attribute a2 ON a2.attnum = c.confkey[1] AND a2.attrelid = t2.oid
JOIN pg_namespace t3 ON c.connamespace = t3.oid
WHERE c.contype = 'f'
  AND t1.relname = 'recipes'
  AND t3.nspname = ANY (current_schemas(false))
ORDER BY c.conname

  [1m[36mActiveRecord::SchemaMigration Load (0.3ms)[0m  [1mSELECT "schema_migrations".* FROM "schema_migrations"[0m
  [1m[35mActiveRecord::SchemaMigration Load (0.2ms)[0m  SELECT "schema_migrations".* FROM "schema_migrations"
  [1m[36m (4.4ms)[0m  [1mSELECT t2.oid::regclass::text AS to_table, a1.attname AS column, a2.attname AS primary_key, c.conname AS name, c.confupdtype AS on_update, c.confdeltype AS on_delete
FROM pg_constraint c
JOIN pg_class t1 ON c.conrelid = t1.oid
JOIN pg_class t2 ON c.confrelid = t2.oid
JOIN pg_attribute a1 ON a1.attnum = c.conkey[1] AND a1.attrelid = t1.oid
JOIN pg_attribute a2 ON a2.attnum = c.confkey[1] AND a2.attrelid = t2.oid
JOIN pg_namespace t3 ON c.connamespace = t3.oid
WHERE c.contype = 'f'
  AND t1.relname = 'comments'
  AND t3.nspname = ANY (current_schemas(false))
ORDER BY c.conname
[0m
  [1m[35m (2.4ms)[0m  SELECT t2.oid::regclass::text AS to_table, a1.attname AS column, a2.attname AS primary_key, c.conname AS name, c.confupdtype AS on_update, c.confdeltype AS on_delete
FROM pg_constraint c
JOIN pg_class t1 ON c.conrelid = t1.oid
JOIN pg_class t2 ON c.confrelid = t2.oid
JOIN pg_attribute a1 ON a1.attnum = c.conkey[1] AND a1.attrelid = t1.oid
JOIN pg_attribute a2 ON a2.attnum = c.confkey[1] AND a2.attrelid = t2.oid
JOIN pg_namespace t3 ON c.connamespace = t3.oid
WHERE c.contype = 'f'
  AND t1.relname = 'recipes'
  AND t3.nspname = ANY (current_schemas(false))
ORDER BY c.conname



Started GET "/recipes" for 127.0.0.1 at 2015-06-01 19:13:05 -0400
  [1m[36mActiveRecord::SchemaMigration Load (0.4ms)[0m  [1mSELECT "schema_migrations".* FROM "schema_migrations"[0m
Processing by RecipesController#index as HTML
  [1m[35mRecipe Load (0.6ms)[0m  SELECT "recipes".* FROM "recipes"
  Rendered recipes/index.html.erb within layouts/application (10.4ms)
Completed 200 OK in 341ms (Views: 321.3ms | ActiveRecord: 3.0ms)


Started GET "/recipes/1" for 127.0.0.1 at 2015-06-01 19:13:11 -0400
Processing by RecipesController#show as HTML
  Parameters: {"id"=>"1"}
  [1m[36mRecipe Load (0.2ms)[0m  [1mSELECT  "recipes".* FROM "recipes" WHERE "recipes"."id" = $1 LIMIT 1[0m  [["id", 1]]
  [1m[35mComment Load (0.4ms)[0m  SELECT "comments".* FROM "comments" WHERE "comments"."recipe_id" = $1  [["recipe_id", 1]]
  Rendered collection (0.0ms)
  Rendered recipes/show.html.erb within layouts/application (82.7ms)
Completed 500 Internal Server Error in 96ms (ActiveRecord: 2.3ms)

ActionView::Template::Error (can't write unknown attribute `html`):
    12: <%= render @recipe.comments%>
    13: 
    14: <h2>Add a comment</h2>
    15:   <%=form_for(@recipe, @recipe.comments.build) do |f| %>
    16:     <p>
    17:       <%=f.label :commenter %>
    18:       <%=f.text_field :commenter %>
  app/views/recipes/show.html.erb:15:in `_app_views_recipes_show_html_erb___1733807235880249727_40945220'


  Rendered /home/keith/.rvm/gems/ruby-2.2.1/gems/actionpack-4.2.1/lib/action_dispatch/middleware/templates/rescues/_source.erb (8.4ms)
  Rendered /home/keith/.rvm/gems/ruby-2.2.1/gems/actionpack-4.2.1/lib/action_dispatch/middleware/templates/rescues/_trace.html.erb (3.7ms)
  Rendered /home/keith/.rvm/gems/ruby-2.2.1/gems/actionpack-4.2.1/lib/action_dispatch/middleware/templates/rescues/_request_and_response.html.erb (1.2ms)
  Rendered /home/keith/.rvm/gems/ruby-2.2.1/gems/actionpack-4.2.1/lib/action_dispatch/middleware/templates/rescues/template_error.html.erb within rescues/layout (27.3ms)
  Rendered /home/keith/.rvm/gems/ruby-2.2.1/gems/web-console-2.1.2/lib/web_console/templates/_markup.html.erb (0.3ms)
  Rendered /home/keith/.rvm/gems/ruby-2.2.1/gems/web-console-2.1.2/lib/web_console/templates/style.css.erb within layouts/inlined_string (0.4ms)
  Rendered /home/keith/.rvm/gems/ruby-2.2.1/gems/web-console-2.1.2/lib/web_console/templates/_inner_console_markup.html.erb within layouts/inlined_string (0.3ms)
  Rendered /home/keith/.rvm/gems/ruby-2.2.1/gems/web-console-2.1.2/lib/web_console/templates/_prompt_box_markup.html.erb within layouts/inlined_string (0.3ms)
  Rendered /home/keith/.rvm/gems/ruby-2.2.1/gems/web-console-2.1.2/lib/web_console/templates/console.js.erb within layouts/javascript (16.3ms)
  Rendered /home/keith/.rvm/gems/ruby-2.2.1/gems/web-console-2.1.2/lib/web_console/templates/main.js.erb within layouts/javascript (0.3ms)
  Rendered /home/keith/.rvm/gems/ruby-2.2.1/gems/web-console-2.1.2/lib/web_console/templates/error_page.js.erb within layouts/javascript (0.4ms)
  Rendered /home/keith/.rvm/gems/ruby-2.2.1/gems/web-console-2.1.2/lib/web_console/templates/index.html.erb (32.3ms)


Started GET "/recipes/1" for 127.0.0.1 at 2015-06-01 19:13:11 -0400
Processing by RecipesController#show as HTML
  Parameters: {"id"=>"1"}
  [1m[36mRecipe Load (0.3ms)[0m  [1mSELECT  "recipes".* FROM "recipes" WHERE "recipes"."id" = $1 LIMIT 1[0m  [["id", 1]]
  [1m[35mComment Load (0.2ms)[0m  SELECT "comments".* FROM "comments" WHERE "comments"."recipe_id" = $1  [["recipe_id", 1]]
  Rendered collection (0.0ms)
  Rendered recipes/show.html.erb within layouts/application (3.9ms)
Completed 500 Internal Server Error in 7ms (ActiveRecord: 0.5ms)

ActionView::Template::Error (can't write unknown attribute `html`):
    12: <%= render @recipe.comments%>
    13: 
    14: <h2>Add a comment</h2>
    15:   <%=form_for(@recipe, @recipe.comments.build) do |f| %>
    16:     <p>
    17:       <%=f.label :commenter %>
    18:       <%=f.text_field :commenter %>
  app/views/recipes/show.html.erb:15:in `_app_views_recipes_show_html_erb___1733807235880249727_70261090861280'


  Rendered /home/keith/.rvm/gems/ruby-2.2.1/gems/actionpack-4.2.1/lib/action_dispatch/middleware/templates/rescues/_source.erb (19.8ms)
  Rendered /home/keith/.rvm/gems/ruby-2.2.1/gems/actionpack-4.2.1/lib/action_dispatch/middleware/templates/rescues/_trace.html.erb (3.9ms)
  Rendered /home/keith/.rvm/gems/ruby-2.2.1/gems/actionpack-4.2.1/lib/action_dispatch/middleware/templates/rescues/_request_and_response.html.erb (1.1ms)
  Rendered /home/keith/.rvm/gems/ruby-2.2.1/gems/actionpack-4.2.1/lib/action_dispatch/middleware/templates/rescues/template_error.html.erb within rescues/layout (39.4ms)
  Rendered /home/keith/.rvm/gems/ruby-2.2.1/gems/web-console-2.1.2/lib/web_console/templates/_markup.html.erb (0.3ms)
  Rendered /home/keith/.rvm/gems/ruby-2.2.1/gems/web-console-2.1.2/lib/web_console/templates/style.css.erb within layouts/inlined_string (0.4ms)
  Rendered /home/keith/.rvm/gems/ruby-2.2.1/gems/web-console-2.1.2/lib/web_console/templates/_inner_console_markup.html.erb within layouts/inlined_string (0.3ms)
  Rendered /home/keith/.rvm/gems/ruby-2.2.1/gems/web-console-2.1.2/lib/web_console/templates/_prompt_box_markup.html.erb within layouts/inlined_string (0.3ms)
  Rendered /home/keith/.rvm/gems/ruby-2.2.1/gems/web-console-2.1.2/lib/web_console/templates/console.js.erb within layouts/javascript (17.5ms)
  Rendered /home/keith/.rvm/gems/ruby-2.2.1/gems/web-console-2.1.2/lib/web_console/templates/main.js.erb within layouts/javascript (0.3ms)
  Rendered /home/keith/.rvm/gems/ruby-2.2.1/gems/web-console-2.1.2/lib/web_console/templates/error_page.js.erb within layouts/javascript (0.5ms)
  Rendered /home/keith/.rvm/gems/ruby-2.2.1/gems/web-console-2.1.2/lib/web_console/templates/index.html.erb (34.6ms)


Started GET "/recipes/1" for 127.0.0.1 at 2015-06-01 19:14:20 -0400
Processing by RecipesController#show as HTML
  Parameters: {"id"=>"1"}
  [1m[36mRecipe Load (0.2ms)[0m  [1mSELECT  "recipes".* FROM "recipes" WHERE "recipes"."id" = $1 LIMIT 1[0m  [["id", 1]]
  [1m[35mComment Load (0.2ms)[0m  SELECT "comments".* FROM "comments" WHERE "comments"."recipe_id" = $1  [["recipe_id", 1]]
  Rendered collection (0.0ms)
  Rendered recipes/show.html.erb within layouts/application (34.7ms)
Completed 200 OK in 84ms (Views: 70.7ms | ActiveRecord: 3.5ms)


Started POST "/recipes/1/comments" for 127.0.0.1 at 2015-06-01 19:14:29 -0400
Processing by CommentsController#create as HTML
  Parameters: {"utf8"=>"✓", "authenticity_token"=>"q7llKNtg03PtwAEKDPUG+JLfhxiXm+47vNOAwS1lPf/aUjgVJLhiaEPl3L1sCHtEDElWtHzL55JnhmcnnuxcoQ==", "comment"=>{"commenter"=>"keith", "body"=>"comment away!"}, "commit"=>"Create Comment", "recipe_id"=>"1"}
  [1m[36mRecipe Load (0.3ms)[0m  [1mSELECT  "recipes".* FROM "recipes" WHERE "recipes"."id" = $1 LIMIT 1[0m  [["id", 1]]
  [1m[35m (0.1ms)[0m  BEGIN
  [1m[36mSQL (1.6ms)[0m  [1mINSERT INTO "comments" ("commenter", "body", "recipe_id", "created_at", "updated_at") VALUES ($1, $2, $3, $4, $5) RETURNING "id"[0m  [["commenter", "keith"], ["body", "comment away!"], ["recipe_id", 1], ["created_at", "2015-06-01 23:14:29.422375"], ["updated_at", "2015-06-01 23:14:29.422375"]]
  [1m[35m (17.5ms)[0m  COMMIT
Redirected to http://localhost:3000/recipes/1
Completed 302 Found in 27ms (ActiveRecord: 19.6ms)


Started GET "/recipes/1" for 127.0.0.1 at 2015-06-01 19:14:29 -0400
Processing by RecipesController#show as HTML
  Parameters: {"id"=>"1"}
  [1m[36mRecipe Load (0.3ms)[0m  [1mSELECT  "recipes".* FROM "recipes" WHERE "recipes"."id" = $1 LIMIT 1[0m  [["id", 1]]
  [1m[35mComment Load (0.2ms)[0m  SELECT "comments".* FROM "comments" WHERE "comments"."recipe_id" = $1  [["recipe_id", 1]]
  Rendered comments/_comment.html.erb (0.6ms)
  Rendered recipes/show.html.erb within layouts/application (4.9ms)
Completed 200 OK in 43ms (Views: 41.7ms | ActiveRecord: 0.5ms)


Started GET "/recipes/1/edit" for 127.0.0.1 at 2015-06-01 19:14:34 -0400
Processing by RecipesController#edit as HTML
  Parameters: {"id"=>"1"}
  [1m[36mRecipe Load (0.3ms)[0m  [1mSELECT  "recipes".* FROM "recipes" WHERE "recipes"."id" = $1 LIMIT 1[0m  [["id", 1]]
  Rendered recipes/_form.html.erb (4.7ms)
  Rendered recipes/edit.html.erb within layouts/application (6.6ms)
Completed 200 OK in 46ms (Views: 44.7ms | ActiveRecord: 0.3ms)


Started GET "/recipes" for 127.0.0.1 at 2015-06-01 19:14:36 -0400
Processing by RecipesController#index as HTML
  [1m[35mRecipe Load (0.3ms)[0m  SELECT "recipes".* FROM "recipes"
  Rendered recipes/index.html.erb within layouts/application (2.6ms)
Completed 200 OK in 37ms (Views: 35.3ms | ActiveRecord: 0.3ms)


Started GET "/recipes" for 127.0.0.1 at 2015-06-01 19:16:28 -0400
Processing by RecipesController#index as HTML
  [1m[36mRecipe Load (0.3ms)[0m  [1mSELECT "recipes".* FROM "recipes"[0m
  Rendered recipes/index.html.erb within layouts/application (1.9ms)
Completed 200 OK in 52ms (Views: 50.7ms | ActiveRecord: 0.3ms)


Started GET "/recipes/1" for 127.0.0.1 at 2015-06-01 19:16:31 -0400
Processing by RecipesController#show as HTML
  Parameters: {"id"=>"1"}
  [1m[35mRecipe Load (0.2ms)[0m  SELECT  "recipes".* FROM "recipes" WHERE "recipes"."id" = $1 LIMIT 1  [["id", 1]]
  [1m[36mComment Load (0.3ms)[0m  [1mSELECT "comments".* FROM "comments" WHERE "comments"."recipe_id" = $1[0m  [["recipe_id", 1]]
  Rendered comments/_comment.html.erb (0.5ms)
  Rendered comments/_form.html.erb (3.1ms)
  Rendered recipes/show.html.erb within layouts/application (7.7ms)
Completed 200 OK in 49ms (Views: 46.6ms | ActiveRecord: 0.5ms)


Started POST "/recipes/1/comments" for 127.0.0.1 at 2015-06-01 19:16:40 -0400
Processing by CommentsController#create as HTML
  Parameters: {"utf8"=>"✓", "authenticity_token"=>"sPNUYOSa4OpnNbBE3Xk2BjDhROON8tFR0ibyx3UDr/fBGAldG0JR8ckQbfO9hEu6rneVT2ai2PgJcxUhxorOqQ==", "comment"=>{"commenter"=>"keith", "body"=>"comment #2"}, "commit"=>"Create Comment", "recipe_id"=>"1"}
  [1m[35mRecipe Load (0.2ms)[0m  SELECT  "recipes".* FROM "recipes" WHERE "recipes"."id" = $1 LIMIT 1  [["id", 1]]
  [1m[36m (0.1ms)[0m  [1mBEGIN[0m
  [1m[35mSQL (0.3ms)[0m  INSERT INTO "comments" ("commenter", "body", "recipe_id", "created_at", "updated_at") VALUES ($1, $2, $3, $4, $5) RETURNING "id"  [["commenter", "keith"], ["body", "comment #2"], ["recipe_id", 1], ["created_at", "2015-06-01 23:16:40.225261"], ["updated_at", "2015-06-01 23:16:40.225261"]]
  [1m[36m (17.1ms)[0m  [1mCOMMIT[0m
Redirected to http://localhost:3000/recipes/1
Completed 302 Found in 23ms (ActiveRecord: 17.8ms)


Started GET "/recipes/1" for 127.0.0.1 at 2015-06-01 19:16:40 -0400
Processing by RecipesController#show as HTML
  Parameters: {"id"=>"1"}
  [1m[35mRecipe Load (0.2ms)[0m  SELECT  "recipes".* FROM "recipes" WHERE "recipes"."id" = $1 LIMIT 1  [["id", 1]]
  [1m[36mComment Load (0.3ms)[0m  [1mSELECT "comments".* FROM "comments" WHERE "comments"."recipe_id" = $1[0m  [["recipe_id", 1]]
  Rendered comments/_comment.html.erb (0.1ms)
  Rendered comments/_form.html.erb (2.4ms)
  Rendered recipes/show.html.erb within layouts/application (6.2ms)
Completed 200 OK in 44ms (Views: 41.5ms | ActiveRecord: 0.6ms)


Started GET "/recipes" for 127.0.0.1 at 2015-06-01 19:21:18 -0400
  [1m[36mActiveRecord::SchemaMigration Load (0.3ms)[0m  [1mSELECT "schema_migrations".* FROM "schema_migrations"[0m
Processing by RecipesController#index as HTML
  [1m[35mRecipe Load (0.6ms)[0m  SELECT "recipes".* FROM "recipes"
  Rendered recipes/index.html.erb within layouts/application (10.1ms)
Completed 200 OK in 236ms (Views: 217.4ms | ActiveRecord: 3.0ms)


Started GET "/recipes/1" for 127.0.0.1 at 2015-06-01 19:21:21 -0400
Processing by RecipesController#show as HTML
  Parameters: {"id"=>"1"}
  [1m[36mRecipe Load (0.2ms)[0m  [1mSELECT  "recipes".* FROM "recipes" WHERE "recipes"."id" = $1 LIMIT 1[0m  [["id", 1]]
  [1m[35mComment Load (0.4ms)[0m  SELECT "comments".* FROM "comments" WHERE "comments"."recipe_id" = $1  [["recipe_id", 1]]
  Rendered comments/_comment.html.erb (2.5ms)
  Rendered comments/_form.html.erb (14.8ms)
  Rendered recipes/show.html.erb within layouts/application (48.7ms)
Completed 200 OK in 91ms (Views: 80.2ms | ActiveRecord: 2.2ms)


Started GET "/recipes/1/edit" for 127.0.0.1 at 2015-06-01 19:21:24 -0400
Processing by RecipesController#edit as HTML
  Parameters: {"id"=>"1"}
  [1m[36mRecipe Load (0.4ms)[0m  [1mSELECT  "recipes".* FROM "recipes" WHERE "recipes"."id" = $1 LIMIT 1[0m  [["id", 1]]
  Rendered recipes/_form.html.erb (2.6ms)
  Rendered recipes/edit.html.erb within layouts/application (3.9ms)
Completed 200 OK in 40ms (Views: 38.5ms | ActiveRecord: 0.4ms)


Started GET "/recipes" for 127.0.0.1 at 2015-06-01 19:21:26 -0400
Processing by RecipesController#index as HTML
  [1m[35mRecipe Load (0.3ms)[0m  SELECT "recipes".* FROM "recipes"
  Rendered recipes/index.html.erb within layouts/application (1.8ms)
Completed 200 OK in 37ms (Views: 36.1ms | ActiveRecord: 0.3ms)


Started GET "/recipes/4" for 127.0.0.1 at 2015-06-01 19:21:28 -0400
Processing by RecipesController#show as HTML
  Parameters: {"id"=>"4"}
  [1m[36mRecipe Load (0.3ms)[0m  [1mSELECT  "recipes".* FROM "recipes" WHERE "recipes"."id" = $1 LIMIT 1[0m  [["id", 4]]
  [1m[35mComment Load (0.2ms)[0m  SELECT "comments".* FROM "comments" WHERE "comments"."recipe_id" = $1  [["recipe_id", 4]]
  Rendered collection (0.0ms)
  Rendered comments/_form.html.erb (2.1ms)
  Rendered recipes/show.html.erb within layouts/application (4.2ms)
Completed 200 OK in 42ms (Views: 40.3ms | ActiveRecord: 0.5ms)


Started POST "/recipes/4/comments" for 127.0.0.1 at 2015-06-01 19:21:38 -0400
Processing by CommentsController#create as HTML
  Parameters: {"utf8"=>"✓", "authenticity_token"=>"UCKSiNqqszrlckmDiWKU0+5Q8s0O4438SMCOz/2oXcYhyc+1JXICIUtXlDTpn+lvcMYjYeWzhFWTlWkpTiE8mA==", "comment"=>{"commenter"=>"trying a new comment", "body"=>"let's go"}, "commit"=>"Create Comment", "recipe_id"=>"4"}
  [1m[36mRecipe Load (0.3ms)[0m  [1mSELECT  "recipes".* FROM "recipes" WHERE "recipes"."id" = $1 LIMIT 1[0m  [["id", 4]]
  [1m[35m (0.3ms)[0m  BEGIN
  [1m[36mSQL (0.7ms)[0m  [1mINSERT INTO "comments" ("commenter", "body", "recipe_id", "created_at", "updated_at") VALUES ($1, $2, $3, $4, $5) RETURNING "id"[0m  [["commenter", "trying a new comment"], ["body", "let's go"], ["recipe_id", 4], ["created_at", "2015-06-01 23:21:38.628946"], ["updated_at", "2015-06-01 23:21:38.628946"]]
  [1m[35m (13.9ms)[0m  COMMIT
Redirected to http://localhost:3000/recipes/4
Completed 302 Found in 54ms (ActiveRecord: 15.2ms)


Started GET "/recipes/4" for 127.0.0.1 at 2015-06-01 19:21:38 -0400
Processing by RecipesController#show as HTML
  Parameters: {"id"=>"4"}
  [1m[36mRecipe Load (0.3ms)[0m  [1mSELECT  "recipes".* FROM "recipes" WHERE "recipes"."id" = $1 LIMIT 1[0m  [["id", 4]]
  [1m[35mComment Load (0.3ms)[0m  SELECT "comments".* FROM "comments" WHERE "comments"."recipe_id" = $1  [["recipe_id", 4]]
  Rendered comments/_comment.html.erb (1.1ms)
  Rendered comments/_form.html.erb (2.9ms)
  Rendered recipes/show.html.erb within layouts/application (7.7ms)
Completed 200 OK in 53ms (Views: 51.2ms | ActiveRecord: 0.6ms)


Started DELETE "/recipes/4/comments/3" for 127.0.0.1 at 2015-06-01 19:21:43 -0400
Processing by CommentsController#destroy as HTML
  Parameters: {"authenticity_token"=>"MaAY4qwlChIKJq3GbD2F1WtaozdpGtR0yj2OW3pX7jVAS0XfU/27CaQDcHEMwPhp9cxym4JK3d0RaGm9yd6Paw==", "recipe_id"=>"4", "id"=>"3"}
  [1m[36mRecipe Load (0.3ms)[0m  [1mSELECT  "recipes".* FROM "recipes" WHERE "recipes"."id" = $1 LIMIT 1[0m  [["id", 4]]
  [1m[35mComment Load (0.2ms)[0m  SELECT  "comments".* FROM "comments" WHERE "comments"."recipe_id" = $1 AND "comments"."id" = $2 LIMIT 1  [["recipe_id", 4], ["id", 3]]
  [1m[36m (0.1ms)[0m  [1mBEGIN[0m
  [1m[35mSQL (0.2ms)[0m  DELETE FROM "comments" WHERE "comments"."id" = $1  [["id", 3]]
  [1m[36m (20.8ms)[0m  [1mCOMMIT[0m
Redirected to http://localhost:3000/recipes/4
Completed 302 Found in 26ms (ActiveRecord: 21.6ms)


Started GET "/recipes/4" for 127.0.0.1 at 2015-06-01 19:21:43 -0400
Processing by RecipesController#show as HTML
  Parameters: {"id"=>"4"}
  [1m[35mRecipe Load (0.3ms)[0m  SELECT  "recipes".* FROM "recipes" WHERE "recipes"."id" = $1 LIMIT 1  [["id", 4]]
  [1m[36mComment Load (0.3ms)[0m  [1mSELECT "comments".* FROM "comments" WHERE "comments"."recipe_id" = $1[0m  [["recipe_id", 4]]
  Rendered collection (0.0ms)
  Rendered comments/_form.html.erb (2.2ms)
  Rendered recipes/show.html.erb within layouts/application (4.5ms)
Completed 200 OK in 46ms (Views: 43.7ms | ActiveRecord: 0.6ms)
